mode: atomic
github.com/lao-tseu-is-alive/go-cloud-k8s-user-group/pkg/tools/camelCaseToOther.go:13.37,18.2 4 2
github.com/lao-tseu-is-alive/go-cloud-k8s-user-group/pkg/tools/camelCaseToOther.go:20.37,25.2 4 2
github.com/lao-tseu-is-alive/go-cloud-k8s-user-group/pkg/config/getAdminInfoFromFromEnv.go:11.62,14.11 3 2
github.com/lao-tseu-is-alive/go-cloud-k8s-user-group/pkg/config/getAdminInfoFromFromEnv.go:17.2,17.37 1 2
github.com/lao-tseu-is-alive/go-cloud-k8s-user-group/pkg/config/getAdminInfoFromFromEnv.go:14.11,16.3 1 1
github.com/lao-tseu-is-alive/go-cloud-k8s-user-group/pkg/config/getAdminInfoFromFromEnv.go:22.52,26.11 3 2
github.com/lao-tseu-is-alive/go-cloud-k8s-user-group/pkg/config/getAdminInfoFromFromEnv.go:29.2,29.28 1 2
github.com/lao-tseu-is-alive/go-cloud-k8s-user-group/pkg/config/getAdminInfoFromFromEnv.go:26.11,28.3 1 1
github.com/lao-tseu-is-alive/go-cloud-k8s-user-group/pkg/config/getAdminInfoFromFromEnv.go:29.28,31.3 1 1
github.com/lao-tseu-is-alive/go-cloud-k8s-user-group/pkg/config/getAdminInfoFromFromEnv.go:31.8,33.3 1 1
github.com/lao-tseu-is-alive/go-cloud-k8s-user-group/pkg/config/getDbDsnFromEnv.go:20.81,30.11 9 5
github.com/lao-tseu-is-alive/go-cloud-k8s-user-group/pkg/config/getDbDsnFromEnv.go:45.2,46.11 2 3
github.com/lao-tseu-is-alive/go-cloud-k8s-user-group/pkg/config/getDbDsnFromEnv.go:55.2,56.11 2 2
github.com/lao-tseu-is-alive/go-cloud-k8s-user-group/pkg/config/getDbDsnFromEnv.go:59.2,60.11 2 2
github.com/lao-tseu-is-alive/go-cloud-k8s-user-group/pkg/config/getDbDsnFromEnv.go:63.2,64.11 2 2
github.com/lao-tseu-is-alive/go-cloud-k8s-user-group/pkg/config/getDbDsnFromEnv.go:72.2,73.11 2 2
github.com/lao-tseu-is-alive/go-cloud-k8s-user-group/pkg/config/getDbDsnFromEnv.go:77.2,78.62 1 2
github.com/lao-tseu-is-alive/go-cloud-k8s-user-group/pkg/config/getDbDsnFromEnv.go:30.11,32.17 2 4
github.com/lao-tseu-is-alive/go-cloud-k8s-user-group/pkg/config/getDbDsnFromEnv.go:38.3,38.37 1 3
github.com/lao-tseu-is-alive/go-cloud-k8s-user-group/pkg/config/getDbDsnFromEnv.go:32.17,37.4 1 1
github.com/lao-tseu-is-alive/go-cloud-k8s-user-group/pkg/config/getDbDsnFromEnv.go:38.37,43.4 1 1
github.com/lao-tseu-is-alive/go-cloud-k8s-user-group/pkg/config/getDbDsnFromEnv.go:46.11,48.32 2 2
github.com/lao-tseu-is-alive/go-cloud-k8s-user-group/pkg/config/getDbDsnFromEnv.go:48.32,53.4 1 1
github.com/lao-tseu-is-alive/go-cloud-k8s-user-group/pkg/config/getDbDsnFromEnv.go:56.11,58.3 1 1
github.com/lao-tseu-is-alive/go-cloud-k8s-user-group/pkg/config/getDbDsnFromEnv.go:60.11,62.3 1 1
github.com/lao-tseu-is-alive/go-cloud-k8s-user-group/pkg/config/getDbDsnFromEnv.go:64.11,66.3 1 2
github.com/lao-tseu-is-alive/go-cloud-k8s-user-group/pkg/config/getDbDsnFromEnv.go:66.8,71.3 1 0
github.com/lao-tseu-is-alive/go-cloud-k8s-user-group/pkg/config/getDbDsnFromEnv.go:73.11,75.3 1 1
github.com/lao-tseu-is-alive/go-cloud-k8s-user-group/pkg/config/getPortAddress.go:15.32,17.2 1 3
github.com/lao-tseu-is-alive/go-cloud-k8s-user-group/pkg/config/getPortAddress.go:22.54,27.11 4 5
github.com/lao-tseu-is-alive/go-cloud-k8s-user-group/pkg/config/getPortAddress.go:42.2,42.41 1 2
github.com/lao-tseu-is-alive/go-cloud-k8s-user-group/pkg/config/getPortAddress.go:27.11,29.17 2 4
github.com/lao-tseu-is-alive/go-cloud-k8s-user-group/pkg/config/getPortAddress.go:35.3,35.37 1 3
github.com/lao-tseu-is-alive/go-cloud-k8s-user-group/pkg/config/getPortAddress.go:29.17,34.4 1 1
github.com/lao-tseu-is-alive/go-cloud-k8s-user-group/pkg/config/getPortAddress.go:35.37,40.4 1 2
github.com/lao-tseu-is-alive/go-cloud-k8s-user-group/pkg/crypto/crypto.go:17.51,23.16 3 1
github.com/lao-tseu-is-alive/go-cloud-k8s-user-group/pkg/crypto/crypto.go:26.2,26.26 1 1
github.com/lao-tseu-is-alive/go-cloud-k8s-user-group/pkg/crypto/crypto.go:23.16,25.3 1 0
github.com/lao-tseu-is-alive/go-cloud-k8s-user-group/pkg/crypto/crypto.go:30.63,36.16 4 3
github.com/lao-tseu-is-alive/go-cloud-k8s-user-group/pkg/crypto/crypto.go:39.2,39.13 1 2
github.com/lao-tseu-is-alive/go-cloud-k8s-user-group/pkg/crypto/crypto.go:36.16,38.3 1 1
github.com/lao-tseu-is-alive/go-cloud-k8s-user-group/pkg/crypto/crypto.go:43.34,47.2 3 1
github.com/lao-tseu-is-alive/go-cloud-k8s-user-group/pkg/crypto/crypto.go:50.42,51.17 1 3
github.com/lao-tseu-is-alive/go-cloud-k8s-user-group/pkg/crypto/crypto.go:54.2,54.25 1 2
github.com/lao-tseu-is-alive/go-cloud-k8s-user-group/pkg/crypto/crypto.go:57.2,57.28 1 2
github.com/lao-tseu-is-alive/go-cloud-k8s-user-group/pkg/crypto/crypto.go:60.2,60.13 1 1
github.com/lao-tseu-is-alive/go-cloud-k8s-user-group/pkg/crypto/crypto.go:51.17,53.3 1 1
github.com/lao-tseu-is-alive/go-cloud-k8s-user-group/pkg/crypto/crypto.go:54.25,56.3 1 0
github.com/lao-tseu-is-alive/go-cloud-k8s-user-group/pkg/crypto/crypto.go:57.28,59.3 1 1
github.com/lao-tseu-is-alive/go-cloud-k8s-user-group/cmd/goPasswordTool/goPasswordTool.go:16.13,18.2 1 0
github.com/lao-tseu-is-alive/go-cloud-k8s-user-group/cmd/goPasswordTool/goPasswordTool.go:19.34,22.22 2 2
github.com/lao-tseu-is-alive/go-cloud-k8s-user-group/cmd/goPasswordTool/goPasswordTool.go:27.2,32.16 5 1
github.com/lao-tseu-is-alive/go-cloud-k8s-user-group/cmd/goPasswordTool/goPasswordTool.go:36.2,37.16 2 1
github.com/lao-tseu-is-alive/go-cloud-k8s-user-group/cmd/goPasswordTool/goPasswordTool.go:42.2,51.10 8 1
github.com/lao-tseu-is-alive/go-cloud-k8s-user-group/cmd/goPasswordTool/goPasswordTool.go:22.22,25.3 2 1
github.com/lao-tseu-is-alive/go-cloud-k8s-user-group/cmd/goPasswordTool/goPasswordTool.go:32.16,35.3 2 0
github.com/lao-tseu-is-alive/go-cloud-k8s-user-group/cmd/goPasswordTool/goPasswordTool.go:37.16,40.3 2 0
github.com/lao-tseu-is-alive/go-cloud-k8s-user-group/cmd/goCloudK8sUserGroupServer/main.go:28.13,34.16 5 1
github.com/lao-tseu-is-alive/go-cloud-k8s-user-group/cmd/goCloudK8sUserGroupServer/main.go:37.2,38.16 2 1
github.com/lao-tseu-is-alive/go-cloud-k8s-user-group/cmd/goCloudK8sUserGroupServer/main.go:41.2,44.16 3 1
github.com/lao-tseu-is-alive/go-cloud-k8s-user-group/cmd/goCloudK8sUserGroupServer/main.go:47.2,50.16 4 1
github.com/lao-tseu-is-alive/go-cloud-k8s-user-group/cmd/goCloudK8sUserGroupServer/main.go:34.16,36.3 1 0
github.com/lao-tseu-is-alive/go-cloud-k8s-user-group/cmd/goCloudK8sUserGroupServer/main.go:38.16,40.3 1 0
github.com/lao-tseu-is-alive/go-cloud-k8s-user-group/cmd/goCloudK8sUserGroupServer/main.go:44.16,46.3 1 0
github.com/lao-tseu-is-alive/go-cloud-k8s-user-group/cmd/goCloudK8sUserGroupServer/main.go:50.16,52.3 1 0
